d:\oa\optorun assistant\debug\vc120.pdb
d:\oa\optorun assistant\debug\vc120.idb
d:\oa\optorun assistant\debug\oacnfgdoc.obj
d:\oa\optorun assistant\debug\optorun assistant.pch
d:\oa\optorun assistant\debug\stdafx.obj
d:\oa\optorun assistant\debug\iongauge.obj
d:\oa\optorun assistant\debug\oarotatorview.obj
d:\oa\optorun assistant\debug\oavacuumview.obj
d:\oa\optorun assistant\debug\odmcom.obj
d:\oa\optorun assistant\debug\optorun assistantdoc.obj
d:\oa\optorun assistant\debug\pictureex.obj
d:\oa\optorun assistant\debug\plcrdwrthread.obj
d:\oa\optorun assistant\debug\rotatorthread.obj
d:\oa\optorun assistant\debug\vgc500.obj
d:\oa\optorun assistant\debug\vacuumprocessthread.obj
d:\oa\optorun assistant\debug\vcc500propertydlg.obj
d:\oa\optorun assistant\debug\zygraphdata.obj
d:\oa\optorun assistant\debug\zygraphplot.obj
d:\oa\optorun assistant\debug\zzywaitingthread.obj
d:\oa\optorun assistant\debug\editex.obj
d:\oa\optorun assistant\debug\staticex.obj
d:\oa\optorun assistant\debug\synccom.obj
d:\oa\optorun assistant\debug\sysmacplc.obj
d:\oa\optorun assistant\debug\markup.obj
d:\oa\optorun assistant\debug\apcgauge.obj
d:\oa\optorun assistant\debug\dlgexhaustsetup.obj
d:\oa\optorun assistant\debug\dlginitvactst.obj
d:\oa\optorun assistant\debug\dlgsetiongaugemode.obj
d:\oa\optorun assistant\debug\dlgsetsendchar.obj
d:\oa\optorun assistant\debug\dlgvacbkpro.obj
d:\oa\optorun assistant\debug\dlgvaccurveproperty.obj
d:\oa\optorun assistant\debug\dlgvacerr.obj
d:\oa\optorun assistant\debug\dlgvacexhaustedit.obj
d:\oa\optorun assistant\debug\dlgvacgaugesetup.obj
d:\oa\optorun assistant\debug\domerotatethread.obj
d:\oa\optorun assistant\debug\drawcruciblethread.obj
d:\oa\optorun assistant\debug\gascontroller.obj
d:\oa\optorun assistant\debug\ibglcom.obj
d:\oa\optorun assistant\debug\customtabctrl.obj
d:\oa\optorun assistant\debug\tabsdiframewnd .obj
d:\oa\optorun assistant\debug\themeutil.obj
d:\oa\optorun assistant\debug\mainfrm.obj
d:\oa\optorun assistant\debug\oasysinfoview.obj
d:\oa\optorun assistant\debug\optorun assistant.obj
d:\oa\debug\optorun assistant.ilk
d:\oa\debug\optorun assistant.exe
d:\oa\debug\optorun assistant.pdb
d:\oa\optorun assistant\debug\optorun assistant.res
d:\oa\optorun assistant\debug\nativecodeanalysis.read.1.tlog
d:\oa\optorun assistant\debug\apcgauge.nativecodeanalysis.xml
d:\oa\optorun assistant\debug\customtabctrl.nativecodeanalysis.xml
d:\oa\optorun assistant\debug\dlgexhaustsetup.nativecodeanalysis.xml
d:\oa\optorun assistant\debug\dlginitvactst.nativecodeanalysis.xml
d:\oa\optorun assistant\debug\dlgsetiongaugemode.nativecodeanalysis.xml
d:\oa\optorun assistant\debug\dlgsetsendchar.nativecodeanalysis.xml
d:\oa\optorun assistant\debug\dlgvacbkpro.nativecodeanalysis.xml
d:\oa\optorun assistant\debug\dlgvaccurveproperty.nativecodeanalysis.xml
d:\oa\optorun assistant\debug\dlgvacerr.nativecodeanalysis.xml
d:\oa\optorun assistant\debug\dlgvacexhaustedit.nativecodeanalysis.xml
d:\oa\optorun assistant\debug\dlgvacgaugesetup.nativecodeanalysis.xml
d:\oa\optorun assistant\debug\domerotatethread.nativecodeanalysis.xml
d:\oa\optorun assistant\debug\drawcruciblethread.nativecodeanalysis.xml
d:\oa\optorun assistant\debug\editex.nativecodeanalysis.xml
d:\oa\optorun assistant\debug\gascontroller.nativecodeanalysis.xml
d:\oa\optorun assistant\debug\ibglcom.nativecodeanalysis.xml
d:\oa\optorun assistant\debug\iongauge.nativecodeanalysis.xml
d:\oa\optorun assistant\debug\mainfrm.nativecodeanalysis.xml
d:\oa\optorun assistant\debug\markup.nativecodeanalysis.xml
d:\oa\optorun assistant\debug\oacnfgdoc.nativecodeanalysis.xml
d:\oa\optorun assistant\debug\oarotatorview.nativecodeanalysis.xml
d:\oa\optorun assistant\debug\oasysinfoview.nativecodeanalysis.xml
d:\oa\optorun assistant\debug\oavacuumview.nativecodeanalysis.xml
d:\oa\optorun assistant\debug\odmcom.nativecodeanalysis.xml
d:\oa\optorun assistant\debug\optorun assistant.nativecodeanalysis.xml
d:\oa\optorun assistant\debug\optorun assistantdoc.nativecodeanalysis.xml
d:\oa\optorun assistant\debug\pictureex.nativecodeanalysis.xml
d:\oa\optorun assistant\debug\plcrdwrthread.nativecodeanalysis.xml
d:\oa\optorun assistant\debug\rotatorthread.nativecodeanalysis.xml
d:\oa\optorun assistant\debug\staticex.nativecodeanalysis.xml
d:\oa\optorun assistant\debug\stdafx.nativecodeanalysis.xml
d:\oa\optorun assistant\debug\synccom.nativecodeanalysis.xml
d:\oa\optorun assistant\debug\sysmacplc.nativecodeanalysis.xml
d:\oa\optorun assistant\debug\tabsdiframewnd .nativecodeanalysis.xml
d:\oa\optorun assistant\debug\themeutil.nativecodeanalysis.xml
d:\oa\optorun assistant\debug\vacuumprocessthread.nativecodeanalysis.xml
d:\oa\optorun assistant\debug\vc.nativecodeanalysis.all.xml
d:\oa\optorun assistant\debug\vcc500propertydlg.nativecodeanalysis.xml
d:\oa\optorun assistant\debug\vgc500.nativecodeanalysis.xml
d:\oa\optorun assistant\debug\zygraphdata.nativecodeanalysis.xml
d:\oa\optorun assistant\debug\zygraphplot.nativecodeanalysis.xml
d:\oa\optorun assistant\debug\zzywaitingthread.nativecodeanalysis.xml
d:\oa\debug\optorun assistant.exe.lastcodeanalysissucceeded
d:\oa\optorun assistant\debug\optorun .9d2c2b95.tlog\cl.command.1.tlog
d:\oa\optorun assistant\debug\optorun .9d2c2b95.tlog\cl.read.1.tlog
d:\oa\optorun assistant\debug\optorun .9d2c2b95.tlog\cl.read.5.tlog
d:\oa\optorun assistant\debug\optorun .9d2c2b95.tlog\cl.write.1.tlog
d:\oa\optorun assistant\debug\optorun .9d2c2b95.tlog\link.command.1.tlog
d:\oa\optorun assistant\debug\optorun .9d2c2b95.tlog\link.read.1.tlog
d:\oa\optorun assistant\debug\optorun .9d2c2b95.tlog\link.write.1.tlog
d:\oa\optorun assistant\debug\optorun .9d2c2b95.tlog\rc.command.1.tlog
d:\oa\optorun assistant\debug\optorun .9d2c2b95.tlog\rc.read.1.tlog
d:\oa\optorun assistant\debug\optorun .9d2c2b95.tlog\rc.write.1.tlog
